<?xml version="1.0" encoding="UTF-8"?>
<!-- Generated by org.testng.reporters.JUnitReportReporter -->
<testsuite name="org.base.SampletaskPojo" tests="4" time="55.753" ignored="0" failures="0" timestamp="21 May 2022 06:07:25 GMT" skipped="0" hostname="DESKTOP-N85V882" errors="0">
  <testcase name="updateAddress" time="1.828" classname="org.base.SampletaskPojo"/>
  <testcase name="getAddress" time="0.896" classname="org.base.SampletaskPojo"/>
  <testcase name="createAddress" time="12.162" classname="org.base.SampletaskPojo"/>
  <testcase name="login" time="40.867" classname="org.base.SampletaskPojo"/>
</testsuite> <!-- org.base.SampletaskPojo -->
