<?xml version="1.0" encoding="UTF-8"?>
<!-- Generated by org.testng.reporters.JUnitReportReporter -->
<testsuite name="org.base.Sample" tests="1" time="14.112" ignored="0" failures="0" timestamp="31 May 2022 07:38:24 GMT" skipped="0" hostname="DESKTOP-N85V882" errors="0">
  <testcase name="login" time="14.112" classname="org.base.Sample"/>
</testsuite> <!-- org.base.Sample -->
